0 info it worked if it ends with ok
1 verbose cli [ '/Users/joshpagley/.nvm/versions/node/v6.10.2/bin/node',
1 verbose cli   '/Users/joshpagley/.nvm/versions/node/v6.10.2/bin/npm',
1 verbose cli   'link' ]
2 info using npm@3.10.10
3 info using node@v6.10.2
4 verbose linkPkg /Users/joshpagley/Documents/Dev/Experiments/easy-react-markdown-docs
5 silly gentlyRm /Users/joshpagley/.nvm/versions/node/v6.10.2/lib/node_modules/easy-react-markdown-docs is being purged
6 verbose gentlyRm don't care about contents; nuking /Users/joshpagley/.nvm/versions/node/v6.10.2/lib/node_modules/easy-react-markdown-docs
7 silly vacuum-fs purging /Users/joshpagley/.nvm/versions/node/v6.10.2/lib/node_modules/easy-react-markdown-docs
8 silly vacuum-fs quitting because other entries in /Users/joshpagley/.nvm/versions/node/v6.10.2/lib/node_modules
9 verbose link build target /Users/joshpagley/.nvm/versions/node/v6.10.2/lib/node_modules/easy-react-markdown-docs
10 silly loadCurrentTree Starting
11 silly install loadCurrentTree
12 silly install readLocalPackageData
13 silly install normalizeTree
14 silly loadCurrentTree Finishing
15 silly loadIdealTree Starting
16 silly install loadIdealTree
17 silly cloneCurrentTree Starting
18 silly install cloneCurrentTreeToIdealTree
19 silly cloneCurrentTree Finishing
20 silly loadShrinkwrap Starting
21 silly install loadShrinkwrap
22 silly loadShrinkwrap Finishing
23 silly loadAllDepsIntoIdealTree Starting
24 silly install loadAllDepsIntoIdealTree
25 silly loadAllDepsIntoIdealTree Finishing
26 silly loadIdealTree Finishing
27 silly currentTree easy-react-markdown-docs@1.0.0
27 silly currentTree ├── align-text@0.1.4
27 silly currentTree ├── amdefine@1.0.1
27 silly currentTree ├── ansi-regex@2.1.1
27 silly currentTree ├── ast-types@0.9.12
27 silly currentTree ├── async@2.5.0
27 silly currentTree ├── babel-runtime@6.26.0
27 silly currentTree ├── babylon@5.8.38
27 silly currentTree ├── balanced-match@1.0.0
27 silly currentTree ├── brace-expansion@1.1.8
27 silly currentTree ├── builtin-modules@1.1.1
27 silly currentTree ├── camelcase@4.1.0
27 silly currentTree ├── center-align@0.1.3
27 silly currentTree ├─┬ cliui@3.2.0
27 silly currentTree │ └── string-width@1.0.2
27 silly currentTree ├── code-point-at@1.1.0
27 silly currentTree ├── commander@2.11.0
27 silly currentTree ├── concat-map@0.0.1
27 silly currentTree ├── core-js@2.5.1
27 silly currentTree ├── cross-spawn@5.1.0
27 silly currentTree ├── decamelize@1.2.0
27 silly currentTree ├── doctrine@2.0.0
27 silly currentTree ├── error-ex@1.3.1
27 silly currentTree ├── esprima@4.0.0
27 silly currentTree ├── esutils@2.0.2
27 silly currentTree ├── execa@0.7.0
27 silly currentTree ├── find-up@2.1.0
27 silly currentTree ├── get-caller-file@1.0.2
27 silly currentTree ├── get-stream@3.0.0
27 silly currentTree ├── graceful-fs@4.1.11
27 silly currentTree ├─┬ handlebars@4.0.6
27 silly currentTree │ ├── async@1.5.2
27 silly currentTree │ └── source-map@0.4.4
27 silly currentTree ├── hosted-git-info@2.5.0
27 silly currentTree ├── invert-kv@1.0.0
27 silly currentTree ├── is-arrayish@0.2.1
27 silly currentTree ├── is-buffer@1.1.5
27 silly currentTree ├── is-builtin-module@1.0.0
27 silly currentTree ├── is-fullwidth-code-point@1.0.0
27 silly currentTree ├── is-stream@1.1.0
27 silly currentTree ├── isarray@1.0.0
27 silly currentTree ├── isexe@2.0.0
27 silly currentTree ├── kind-of@3.2.2
27 silly currentTree ├── lazy-cache@1.0.4
27 silly currentTree ├── lcid@1.0.0
27 silly currentTree ├── load-json-file@2.0.0
27 silly currentTree ├── locate-path@2.0.0
27 silly currentTree ├── lodash@4.17.4
27 silly currentTree ├── longest@1.0.1
27 silly currentTree ├── lru-cache@4.1.1
27 silly currentTree ├── mem@1.1.0
27 silly currentTree ├── mimic-fn@1.1.0
27 silly currentTree ├── minimatch@3.0.4
27 silly currentTree ├── minimist@0.0.10
27 silly currentTree ├── node-dir@0.1.17
27 silly currentTree ├── normalize-package-data@2.4.0
27 silly currentTree ├── npm-run-path@2.0.2
27 silly currentTree ├── number-is-nan@1.0.1
27 silly currentTree ├── optimist@0.6.1
27 silly currentTree ├── os-locale@2.1.0
27 silly currentTree ├── p-finally@1.0.0
27 silly currentTree ├── p-limit@1.1.0
27 silly currentTree ├── p-locate@2.0.0
27 silly currentTree ├── parse-json@2.2.0
27 silly currentTree ├── path-exists@3.0.0
27 silly currentTree ├── path-key@2.0.1
27 silly currentTree ├── path-type@2.0.0
27 silly currentTree ├── pify@2.3.0
27 silly currentTree ├── private@0.1.8
27 silly currentTree ├── pseudomap@1.0.2
27 silly currentTree ├─┬ react-docgen-markdown-renderer@1.0.1
27 silly currentTree │ ├── ast-types@0.9.6
27 silly currentTree │ ├── esprima@3.1.3
27 silly currentTree │ ├── react-docgen@2.14.0
27 silly currentTree │ ├── recast@0.11.23
27 silly currentTree │ └── source-map@0.5.7
27 silly currentTree ├── react-docgen@2.19.0
27 silly currentTree ├── read-pkg-up@2.0.0
27 silly currentTree ├── read-pkg@2.0.0
27 silly currentTree ├── recast@0.12.7
27 silly currentTree ├── regenerator-runtime@0.11.0
27 silly currentTree ├── repeat-string@1.6.1
27 silly currentTree ├── require-directory@2.1.1
27 silly currentTree ├── require-main-filename@1.0.1
27 silly currentTree ├── right-align@0.1.3
27 silly currentTree ├── semver@5.4.1
27 silly currentTree ├── set-blocking@2.0.0
27 silly currentTree ├── shebang-command@1.2.0
27 silly currentTree ├── shebang-regex@1.0.0
27 silly currentTree ├── signal-exit@3.0.2
27 silly currentTree ├── source-map@0.6.1
27 silly currentTree ├── spdx-correct@1.0.2
27 silly currentTree ├── spdx-expression-parse@1.0.4
27 silly currentTree ├── spdx-license-ids@1.2.2
27 silly currentTree ├─┬ string-width@2.1.1
27 silly currentTree │ ├── ansi-regex@3.0.0
27 silly currentTree │ ├── is-fullwidth-code-point@2.0.0
27 silly currentTree │ └── strip-ansi@4.0.0
27 silly currentTree ├── strip-ansi@3.0.1
27 silly currentTree ├── strip-bom@3.0.0
27 silly currentTree ├── strip-eof@1.0.0
27 silly currentTree ├─┬ uglify-js@2.8.29
27 silly currentTree │ ├── camelcase@1.2.1
27 silly currentTree │ ├── cliui@2.1.0
27 silly currentTree │ ├── source-map@0.5.7
27 silly currentTree │ ├── wordwrap@0.0.2
27 silly currentTree │ └── yargs@3.10.0
27 silly currentTree ├── uglify-to-browserify@1.0.2
27 silly currentTree ├── validate-npm-package-license@3.0.1
27 silly currentTree ├── which-module@2.0.0
27 silly currentTree ├── which@1.3.0
27 silly currentTree ├── window-size@0.1.0
27 silly currentTree ├── wordwrap@0.0.3
27 silly currentTree ├─┬ wrap-ansi@2.1.0
27 silly currentTree │ └── string-width@1.0.2
27 silly currentTree ├── y18n@3.2.1
27 silly currentTree ├── yallist@2.1.2
27 silly currentTree ├── yargs-parser@7.0.0
27 silly currentTree └── yargs@9.0.1
28 silly idealTree easy-react-markdown-docs@1.0.0
28 silly idealTree ├── align-text@0.1.4
28 silly idealTree ├── amdefine@1.0.1
28 silly idealTree ├── ansi-regex@2.1.1
28 silly idealTree ├── ast-types@0.9.12
28 silly idealTree ├── async@2.5.0
28 silly idealTree ├── babel-runtime@6.26.0
28 silly idealTree ├── babylon@5.8.38
28 silly idealTree ├── balanced-match@1.0.0
28 silly idealTree ├── brace-expansion@1.1.8
28 silly idealTree ├── builtin-modules@1.1.1
28 silly idealTree ├── camelcase@4.1.0
28 silly idealTree ├── center-align@0.1.3
28 silly idealTree ├─┬ cliui@3.2.0
28 silly idealTree │ └── string-width@1.0.2
28 silly idealTree ├── code-point-at@1.1.0
28 silly idealTree ├── commander@2.11.0
28 silly idealTree ├── concat-map@0.0.1
28 silly idealTree ├── core-js@2.5.1
28 silly idealTree ├── cross-spawn@5.1.0
28 silly idealTree ├── decamelize@1.2.0
28 silly idealTree ├── doctrine@2.0.0
28 silly idealTree ├── error-ex@1.3.1
28 silly idealTree ├── esprima@4.0.0
28 silly idealTree ├── esutils@2.0.2
28 silly idealTree ├── execa@0.7.0
28 silly idealTree ├── find-up@2.1.0
28 silly idealTree ├── get-caller-file@1.0.2
28 silly idealTree ├── get-stream@3.0.0
28 silly idealTree ├── graceful-fs@4.1.11
28 silly idealTree ├─┬ handlebars@4.0.6
28 silly idealTree │ ├── async@1.5.2
28 silly idealTree │ └── source-map@0.4.4
28 silly idealTree ├── hosted-git-info@2.5.0
28 silly idealTree ├── invert-kv@1.0.0
28 silly idealTree ├── is-arrayish@0.2.1
28 silly idealTree ├── is-buffer@1.1.5
28 silly idealTree ├── is-builtin-module@1.0.0
28 silly idealTree ├── is-fullwidth-code-point@1.0.0
28 silly idealTree ├── is-stream@1.1.0
28 silly idealTree ├── isarray@1.0.0
28 silly idealTree ├── isexe@2.0.0
28 silly idealTree ├── kind-of@3.2.2
28 silly idealTree ├── lazy-cache@1.0.4
28 silly idealTree ├── lcid@1.0.0
28 silly idealTree ├── load-json-file@2.0.0
28 silly idealTree ├── locate-path@2.0.0
28 silly idealTree ├── lodash@4.17.4
28 silly idealTree ├── longest@1.0.1
28 silly idealTree ├── lru-cache@4.1.1
28 silly idealTree ├── mem@1.1.0
28 silly idealTree ├── mimic-fn@1.1.0
28 silly idealTree ├── minimatch@3.0.4
28 silly idealTree ├── minimist@0.0.10
28 silly idealTree ├── node-dir@0.1.17
28 silly idealTree ├── normalize-package-data@2.4.0
28 silly idealTree ├── npm-run-path@2.0.2
28 silly idealTree ├── number-is-nan@1.0.1
28 silly idealTree ├── optimist@0.6.1
28 silly idealTree ├── os-locale@2.1.0
28 silly idealTree ├── p-finally@1.0.0
28 silly idealTree ├── p-limit@1.1.0
28 silly idealTree ├── p-locate@2.0.0
28 silly idealTree ├── parse-json@2.2.0
28 silly idealTree ├── path-exists@3.0.0
28 silly idealTree ├── path-key@2.0.1
28 silly idealTree ├── path-type@2.0.0
28 silly idealTree ├── pify@2.3.0
28 silly idealTree ├── private@0.1.8
28 silly idealTree ├── pseudomap@1.0.2
28 silly idealTree ├─┬ react-docgen-markdown-renderer@1.0.1
28 silly idealTree │ ├── ast-types@0.9.6
28 silly idealTree │ ├── esprima@3.1.3
28 silly idealTree │ ├── react-docgen@2.14.0
28 silly idealTree │ ├── recast@0.11.23
28 silly idealTree │ └── source-map@0.5.7
28 silly idealTree ├── react-docgen@2.19.0
28 silly idealTree ├── read-pkg-up@2.0.0
28 silly idealTree ├── read-pkg@2.0.0
28 silly idealTree ├── recast@0.12.7
28 silly idealTree ├── regenerator-runtime@0.11.0
28 silly idealTree ├── repeat-string@1.6.1
28 silly idealTree ├── require-directory@2.1.1
28 silly idealTree ├── require-main-filename@1.0.1
28 silly idealTree ├── right-align@0.1.3
28 silly idealTree ├── semver@5.4.1
28 silly idealTree ├── set-blocking@2.0.0
28 silly idealTree ├── shebang-command@1.2.0
28 silly idealTree ├── shebang-regex@1.0.0
28 silly idealTree ├── signal-exit@3.0.2
28 silly idealTree ├── source-map@0.6.1
28 silly idealTree ├── spdx-correct@1.0.2
28 silly idealTree ├── spdx-expression-parse@1.0.4
28 silly idealTree ├── spdx-license-ids@1.2.2
28 silly idealTree ├─┬ string-width@2.1.1
28 silly idealTree │ ├── ansi-regex@3.0.0
28 silly idealTree │ ├── is-fullwidth-code-point@2.0.0
28 silly idealTree │ └── strip-ansi@4.0.0
28 silly idealTree ├── strip-ansi@3.0.1
28 silly idealTree ├── strip-bom@3.0.0
28 silly idealTree ├── strip-eof@1.0.0
28 silly idealTree ├─┬ uglify-js@2.8.29
28 silly idealTree │ ├── camelcase@1.2.1
28 silly idealTree │ ├── cliui@2.1.0
28 silly idealTree │ ├── source-map@0.5.7
28 silly idealTree │ ├── wordwrap@0.0.2
28 silly idealTree │ └── yargs@3.10.0
28 silly idealTree ├── uglify-to-browserify@1.0.2
28 silly idealTree ├── validate-npm-package-license@3.0.1
28 silly idealTree ├── which-module@2.0.0
28 silly idealTree ├── which@1.3.0
28 silly idealTree ├── window-size@0.1.0
28 silly idealTree ├── wordwrap@0.0.3
28 silly idealTree ├─┬ wrap-ansi@2.1.0
28 silly idealTree │ └── string-width@1.0.2
28 silly idealTree ├── y18n@3.2.1
28 silly idealTree ├── yallist@2.1.2
28 silly idealTree ├── yargs-parser@7.0.0
28 silly idealTree └── yargs@9.0.1
29 silly generateActionsToTake Starting
30 silly install generateActionsToTake
31 silly generateActionsToTake Finishing
32 silly diffTrees action count 0
33 silly decomposeActions action count 0
34 silly runTopLevelLifecycles Starting
35 silly install runPreinstallTopLevelLifecycles
36 silly preinstall easy-react-markdown-docs@1.0.0 /Users/joshpagley/Documents/Dev/Experiments/easy-react-markdown-docs/easy-react-markdown-docs-e37bfd2e
37 info lifecycle easy-react-markdown-docs@1.0.0~preinstall: easy-react-markdown-docs@1.0.0
38 silly lifecycle easy-react-markdown-docs@1.0.0~preinstall: no script for preinstall, continuing
39 silly executeActions Starting
40 silly install executeActions
41 silly doSerial global-install 0
42 silly doParallel fetch 0
43 verbose correctMkdir /Users/joshpagley/.npm/_locks correctMkdir not in flight; initializing
44 verbose lock using /Users/joshpagley/.npm/_locks/staging-f040837487bdef6d.lock for /Users/joshpagley/Documents/Dev/Experiments/easy-react-markdown-docs/node_modules/.staging
45 silly doParallel extract 0
46 silly doParallel preinstall 0
47 silly doReverseSerial remove 0
48 silly doSerial move 0
49 silly doSerial finalize 0
50 silly doSerial build 0
51 silly doSerial global-link 0
52 silly doParallel update-linked 0
53 silly doSerial install 0
54 silly doSerial postinstall 0
55 verbose unlock done using /Users/joshpagley/.npm/_locks/staging-f040837487bdef6d.lock for /Users/joshpagley/Documents/Dev/Experiments/easy-react-markdown-docs/node_modules/.staging
56 silly executeActions Finishing
57 silly rollbackFailedOptional Starting
58 silly rollbackFailedOptional Finishing
59 silly install runPostinstallTopLevelLifecycles
60 silly build easy-react-markdown-docs@1.0.0
61 info linkStuff easy-react-markdown-docs@1.0.0
62 silly linkStuff easy-react-markdown-docs@1.0.0 has /Users/joshpagley/Documents/Dev/Experiments as its parent node_modules
63 verbose linkBins easy-react-markdown-docs@1.0.0
64 verbose linkMans easy-react-markdown-docs@1.0.0
65 silly install easy-react-markdown-docs@1.0.0 /Users/joshpagley/Documents/Dev/Experiments/easy-react-markdown-docs/easy-react-markdown-docs-e37bfd2e
66 info lifecycle easy-react-markdown-docs@1.0.0~install: easy-react-markdown-docs@1.0.0
67 silly lifecycle easy-react-markdown-docs@1.0.0~install: no script for install, continuing
68 silly postinstall easy-react-markdown-docs@1.0.0 /Users/joshpagley/Documents/Dev/Experiments/easy-react-markdown-docs/easy-react-markdown-docs-e37bfd2e
69 info lifecycle easy-react-markdown-docs@1.0.0~postinstall: easy-react-markdown-docs@1.0.0
70 silly lifecycle easy-react-markdown-docs@1.0.0~postinstall: no script for postinstall, continuing
71 silly prepublish easy-react-markdown-docs@1.0.0 /Users/joshpagley/Documents/Dev/Experiments/easy-react-markdown-docs/easy-react-markdown-docs-e37bfd2e
72 info lifecycle easy-react-markdown-docs@1.0.0~prepublish: easy-react-markdown-docs@1.0.0
73 silly lifecycle easy-react-markdown-docs@1.0.0~prepublish: no script for prepublish, continuing
74 silly runTopLevelLifecycles Finishing
75 silly install printInstalled
76 warn easy-react-markdown-docs@1.0.0 No repository field.
77 verbose If you need help, you may report this error at:
77 verbose     <https://github.com/npm/npm/issues>
78 info build /Users/joshpagley/.nvm/versions/node/v6.10.2/lib/node_modules/easy-react-markdown-docs
79 info linkStuff easy-react-markdown-docs@1.0.0
80 silly linkStuff easy-react-markdown-docs@1.0.0 has /Users/joshpagley/.nvm/versions/node/v6.10.2/lib/node_modules as its parent node_modules
81 silly linkStuff easy-react-markdown-docs@1.0.0 is part of a global install
82 silly linkStuff easy-react-markdown-docs@1.0.0 is installed into a global node_modules
83 silly linkStuff easy-react-markdown-docs@1.0.0 is installed into the top-level global node_modules
84 verbose linkBins easy-react-markdown-docs@1.0.0
85 verbose link bins [ { 'build-docs': './index.js' },
85 verbose link bins   '/Users/joshpagley/.nvm/versions/node/v6.10.2/bin',
85 verbose link bins   true ]
86 verbose linkMans easy-react-markdown-docs@1.0.0
87 silly gentlyRm /Users/joshpagley/.nvm/versions/node/v6.10.2/bin/build-docs is being gently removed
88 silly gentlyRm parent.path = /Users/joshpagley/Documents/Dev/Experiments/easy-react-markdown-docs
89 silly gentlyRm parent.managed = /Users/joshpagley/Documents/Dev/Experiments/easy-react-markdown-docs is in /Users/joshpagley/Documents/Dev/Experiments/easy-react-markdown-docs
90 silly gentlyRm target.path =  /Users/joshpagley/.nvm/versions/node/v6.10.2/bin/build-docs
91 silly gentlyRm target.symlink = ../lib/node_modules/react-docs-md/bin/index.js
92 silly gentlyRm target.managed = false
93 silly gentlyRm target.inParent =  false
94 verbose stack Error: Refusing to delete /Users/joshpagley/.nvm/versions/node/v6.10.2/bin/build-docs: ../lib/node_modules/react-docs-md/bin/index.js symlink target is not controlled by npm /Users/joshpagley/Documents/Dev/Experiments/easy-react-markdown-docs
94 verbose stack     at clobberFail (/Users/joshpagley/.nvm/versions/node/v6.10.2/lib/node_modules/npm/lib/utils/gently-rm.js:162:12)
94 verbose stack     at isSafeToRm (/Users/joshpagley/.nvm/versions/node/v6.10.2/lib/node_modules/npm/lib/utils/gently-rm.js:152:15)
94 verbose stack     at /Users/joshpagley/.nvm/versions/node/v6.10.2/lib/node_modules/npm/lib/utils/gently-rm.js:93:5
94 verbose stack     at LOOP (/Users/joshpagley/.nvm/versions/node/v6.10.2/lib/node_modules/npm/node_modules/slide/lib/chain.js:7:26)
94 verbose stack     at /Users/joshpagley/.nvm/versions/node/v6.10.2/lib/node_modules/npm/node_modules/slide/lib/chain.js:18:7
94 verbose stack     at /Users/joshpagley/.nvm/versions/node/v6.10.2/lib/node_modules/npm/lib/utils/gently-rm.js:179:14
94 verbose stack     at /Users/joshpagley/.nvm/versions/node/v6.10.2/lib/node_modules/npm/node_modules/iferr/index.js:11:16
94 verbose stack     at /Users/joshpagley/.nvm/versions/node/v6.10.2/lib/node_modules/npm/node_modules/iferr/index.js:11:16
94 verbose stack     at /Users/joshpagley/.nvm/versions/node/v6.10.2/lib/node_modules/npm/node_modules/iferr/index.js:11:16
94 verbose stack     at /Users/joshpagley/.nvm/versions/node/v6.10.2/lib/node_modules/npm/node_modules/iferr/index.js:11:16
95 verbose cwd /Users/joshpagley/Documents/Dev/Experiments/easy-react-markdown-docs
96 error Darwin 16.7.0
97 error argv "/Users/joshpagley/.nvm/versions/node/v6.10.2/bin/node" "/Users/joshpagley/.nvm/versions/node/v6.10.2/bin/npm" "link"
98 error node v6.10.2
99 error npm  v3.10.10
100 error path /Users/joshpagley/.nvm/versions/node/v6.10.2/bin/build-docs
101 error code EEXIST
102 error Refusing to delete /Users/joshpagley/.nvm/versions/node/v6.10.2/bin/build-docs: ../lib/node_modules/react-docs-md/bin/index.js symlink target is not controlled by npm /Users/joshpagley/Documents/Dev/Experiments/easy-react-markdown-docs
103 error File exists: /Users/joshpagley/.nvm/versions/node/v6.10.2/bin/build-docs
104 error Move it away, and try again.
105 verbose exit [ 1, true ]
